#
# There is insufficient memory for the Java Runtime Environment to continue.
# Native memory allocation (malloc) failed to allocate 1048576 bytes for AllocateHeap
# Possible reasons:
#   The system is out of physical RAM or swap space
#   In 32 bit mode, the process size limit was hit
# Possible solutions:
#   Reduce memory load on the system
#   Increase physical memory or swap space
#   Check if swap backing store is full
#   Use 64 bit Java on a 64 bit OS
#   Decrease Java heap size (-Xmx/-Xms)
#   Decrease number of Java threads
#   Decrease Java thread stack sizes (-Xss)
#   Set larger code cache with -XX:ReservedCodeCacheSize=
# This output file may be truncated or incomplete.
#
#  Out of Memory Error (memory/allocation.inline.hpp:61), pid=3952, tid=14572
#
# JRE version:  (8.0_45-b15) (build )
# Java VM: Java HotSpot(TM) 64-Bit Server VM (25.45-b02 mixed mode windows-amd64 compressed oops)
# Failed to write core dump. Minidumps are not enabled by default on client versions of Windows
#

---------------  T H R E A D  ---------------

Current thread (0x0000000002510800):  JavaThread "Unknown thread" [_thread_in_vm, id=14572, stack(0x0000000002410000,0x0000000002510000)]

Stack: [0x0000000002410000,0x0000000002510000]
Native frames: (J=compiled Java code, j=interpreted, Vv=VM code, C=native code)
V  [jvm.dll+0x32b57a]
V  [jvm.dll+0x279873]
V  [jvm.dll+0x27a509]
V  [jvm.dll+0x271825]
V  [jvm.dll+0x1606]
V  [jvm.dll+0x3f7fb2]
V  [jvm.dll+0x3f898f]
V  [jvm.dll+0x3f8a5d]
V  [jvm.dll+0x3f8c26]
V  [jvm.dll+0xf2cf2]
V  [jvm.dll+0x20f0c9]
V  [jvm.dll+0x240e0a]
V  [jvm.dll+0x15ba41]
C  [javaw.exe+0x217e]
C  [javaw.exe+0xcd17]
C  [javaw.exe+0xcdab]
C  [KERNEL32.DLL+0x8364]
C  [ntdll.dll+0x670d1]


---------------  P R O C E S S  ---------------

Java Threads: ( => current thread )

Other Threads:

=>0x0000000002510800 (exited) JavaThread "Unknown thread" [_thread_in_vm, id=14572, stack(0x0000000002410000,0x0000000002510000)]

VM state:not at safepoint (normal execution)

VM Mutex/Monitor currently owned by a thread: None

Heap:
 PSYoungGen      total 18944K, used 327K [0x00000000eb500000, 0x00000000eca00000, 0x0000000100000000)
  eden space 16384K, 2% used [0x00000000eb500000,0x00000000eb551ec8,0x00000000ec500000)
  from space 2560K, 0% used [0x00000000ec780000,0x00000000ec780000,0x00000000eca00000)
  to   space 2560K, 0% used [0x00000000ec500000,0x00000000ec500000,0x00000000ec780000)
 ParOldGen       total 44032K, used 0K [0x00000000c1e00000, 0x00000000c4900000, 0x00000000eb500000)
  object space 44032K, 0% used [0x00000000c1e00000,0x00000000c1e00000,0x00000000c4900000)
 Metaspace       used 742K, capacity 4480K, committed 4480K, reserved 1056768K
  class space    used 75K, capacity 384K, committed 384K, reserved 1048576K

Card table byte_map: [0x00000000119d0000,0x0000000011bd0000] byte_map_base: 0x00000000113c1000

Marking Bits: (ParMarkBitMap*) 0x0000000063574040
 Begin Bits: [0x0000000012120000, 0x00000000130a8000)
 End Bits:   [0x00000000130a8000, 0x0000000014030000)

Polling page: 0x0000000000c70000

CodeCache: size=245760Kb used=328Kb max_used=328Kb free=245431Kb
 bounds [0x0000000002610000, 0x0000000002880000, 0x0000000011610000]
 total_blobs=57 nmethods=0 adapters=37
 compilation: enabled

Compilation events (0 events):
No events

GC Heap History (0 events):
No events

Deoptimization events (0 events):
No events

Internal exceptions (0 events):
No events

Events (10 events):
Event: 0.022 loading class java/lang/Short
Event: 0.022 loading class java/lang/Short done
Event: 0.022 loading class java/lang/Integer
Event: 0.022 loading class java/lang/Integer done
Event: 0.022 loading class java/lang/Long
Event: 0.022 loading class java/lang/Long done
Event: 0.023 loading class java/lang/NullPointerException
Event: 0.023 loading class java/lang/NullPointerException done
Event: 0.023 loading class java/lang/ArithmeticException
Event: 0.023 loading class java/lang/ArithmeticException done


Dynamic libraries:
0x00007ff6af880000 - 0x00007ff6af8b7000 	C:\Program Files\Java\jre1.8.0_45\bin\javaw.exe
0x00007ffc4e1b0000 - 0x00007ffc4e381000 	C:\WINDOWS\SYSTEM32\ntdll.dll
0x00007ffc4c470000 - 0x00007ffc4c51b000 	C:\WINDOWS\System32\KERNEL32.DLL
0x00007ffc4a9e0000 - 0x00007ffc4abfd000 	C:\WINDOWS\System32\KERNELBASE.dll
0x00007ffc4cb90000 - 0x00007ffc4cc32000 	C:\WINDOWS\System32\ADVAPI32.dll
0x00007ffc4c520000 - 0x00007ffc4c5be000 	C:\WINDOWS\System32\msvcrt.dll
0x00007ffc4bbf0000 - 0x00007ffc4bc49000 	C:\WINDOWS\System32\sechost.dll
0x00007ffc4ba80000 - 0x00007ffc4bba1000 	C:\WINDOWS\System32\RPCRT4.dll
0x00007ffc4bc50000 - 0x00007ffc4bdb5000 	C:\WINDOWS\System32\USER32.dll
0x00007ffc4b490000 - 0x00007ffc4b4ae000 	C:\WINDOWS\System32\win32u.dll
0x00007ffc4bbb0000 - 0x00007ffc4bbe4000 	C:\WINDOWS\System32\GDI32.dll
0x00007ffc4a7f0000 - 0x00007ffc4a972000 	C:\WINDOWS\System32\gdi32full.dll
0x00007ffc3e9c0000 - 0x00007ffc3ec3a000 	C:\WINDOWS\WinSxS\amd64_microsoft.windows.common-controls_6595b64144ccf1df_6.0.14393.953_none_42151e83c686086b\COMCTL32.dll
0x00007ffc4bff0000 - 0x00007ffc4c2b8000 	C:\WINDOWS\System32\combase.dll
0x00007ffc4b390000 - 0x00007ffc4b485000 	C:\WINDOWS\System32\ucrtbase.dll
0x00007ffc4b500000 - 0x00007ffc4b56a000 	C:\WINDOWS\System32\bcryptPrimitives.dll
0x00007ffc4bdc0000 - 0x00007ffc4bdee000 	C:\WINDOWS\System32\IMM32.DLL
0x0000000064720000 - 0x00000000647f2000 	C:\Program Files\Java\jre1.8.0_45\bin\msvcr100.dll
0x0000000062d70000 - 0x00000000635f3000 	C:\Program Files\Java\jre1.8.0_45\bin\server\jvm.dll
0x00007ffc4c460000 - 0x00007ffc4c468000 	C:\WINDOWS\System32\PSAPI.DLL
0x00007ffc41d20000 - 0x00007ffc41d2a000 	C:\WINDOWS\SYSTEM32\VERSION.dll
0x00007ffc488a0000 - 0x00007ffc488c3000 	C:\WINDOWS\SYSTEM32\WINMM.dll
0x00007ffc3bd20000 - 0x00007ffc3bd29000 	C:\WINDOWS\SYSTEM32\WSOCK32.dll
0x00007ffc4c5c0000 - 0x00007ffc4c62a000 	C:\WINDOWS\System32\WS2_32.dll
0x00007ffc48870000 - 0x00007ffc4889b000 	C:\WINDOWS\SYSTEM32\WINMMBASE.dll
0x00007ffc4b4b0000 - 0x00007ffc4b4f2000 	C:\WINDOWS\System32\cfgmgr32.dll
0x0000000064f00000 - 0x0000000064f0f000 	C:\Program Files\Java\jre1.8.0_45\bin\verify.dll
0x0000000064c40000 - 0x0000000064c69000 	C:\Program Files\Java\jre1.8.0_45\bin\java.dll
0x0000000064c20000 - 0x0000000064c36000 	C:\Program Files\Java\jre1.8.0_45\bin\zip.dll
0x00007ffc41ad0000 - 0x00007ffc41c62000 	C:\WINDOWS\SYSTEM32\dbghelp.dll

VM Arguments:
jvm_args: -Dfile.encoding=Cp1252 
java_command: Vorstellung2
java_class_path (initial): C:\Users\Max\workspace\Klaus_Berbel_Alpha\bin
Launcher Type: SUN_STANDARD

Environment Variables:
PATH=C:/Program Files/Java/jre1.8.0_111/bin/server;C:/Program Files/Java/jre1.8.0_111/bin;C:/Program Files/Java/jre1.8.0_111/lib/amd64;C:\ProgramData\Oracle\Java\javapath;C:\Program Files (x86)\Intel\iCLS Client\;C:\Program Files\Intel\iCLS Client\;C:\WINDOWS\system32;C:\WINDOWS;C:\WINDOWS\System32\Wbem;C:\WINDOWS\System32\WindowsPowerShell\v1.0\;C:\Program Files (x86)\Intel\OpenCL SDK\2.0\bin\x86;C:\Program Files (x86)\Intel\OpenCL SDK\2.0\bin\x64;C:\Program Files\Intel\Intel(R) Management Engine Components\DAL;C:\Program Files\Intel\Intel(R) Management Engine Components\IPT;C:\Program Files (x86)\Intel\Intel(R) Management Engine Components\DAL;C:\Program Files (x86)\Intel\Intel(R) Management Engine Components\IPT;C:\Program Files\Sony\VAIO Improvement\;C:\Program Files (x86)\Sony\VAIO Startup Setting Tool;c:\Program Files (x86)\Microsoft SQL Server\100\Tools\Binn\;c:\Program Files (x86)\Microsoft SQL Server\100\DTS\Binn\;C:\Program Files\MiKTeX 2.9\miktex\bin\x64\;C:\Program Files (x86)\Skype\Phone\;C:\WINDOWS\system32;C:\WINDOWS;C:\WINDOWS\System32\Wbem;C:\WINDOWS\System32\WindowsPowerShell\v1.0\;C:\Program Files (x86)\GtkSharp\2.12\bin;C:\Users\Max\AppData\Local\Programs\Python\Python36-32\Scripts\;C:\Users\Max\AppData\Local\Programs\Python\Python36-32\;C:\Users\Max\AppData\Local\Microsoft\WindowsApps;;C:\Users\Max\Desktop;
USERNAME=Max
OS=Windows_NT
PROCESSOR_IDENTIFIER=Intel64 Family 6 Model 58 Stepping 9, GenuineIntel



---------------  S Y S T E M  ---------------

OS: Windows 10.0 , 64 bit Build 14393 (10.0.14393.0)

CPU:total 4 (2 cores per cpu, 2 threads per core) family 6 model 58 stepping 9, cmov, cx8, fxsr, mmx, sse, sse2, sse3, ssse3, sse4.1, sse4.2, popcnt, avx, aes, clmul, erms, ht, tsc, tscinvbit, tscinv

Memory: 4k page, physical 4070680k(1408204k free), swap 16653592k(3192k free)

vm_info: Java HotSpot(TM) 64-Bit Server VM (25.45-b02) for windows-amd64 JRE (1.8.0_45-b15), built on Apr 30 2015 12:40:44 by "java_re" with MS VC++ 10.0 (VS2010)

time: Wed Apr 05 18:17:35 2017
elapsed time: 1 seconds (0d 0h 0m 1s)

