#
# There is insufficient memory for the Java Runtime Environment to continue.
# Native memory allocation (malloc) failed to allocate 643376 bytes for Chunk::new
# Possible reasons:
#   The system is out of physical RAM or swap space
#   In 32 bit mode, the process size limit was hit
# Possible solutions:
#   Reduce memory load on the system
#   Increase physical memory or swap space
#   Check if swap backing store is full
#   Use 64 bit Java on a 64 bit OS
#   Decrease Java heap size (-Xmx/-Xms)
#   Decrease number of Java threads
#   Decrease Java thread stack sizes (-Xss)
#   Set larger code cache with -XX:ReservedCodeCacheSize=
# This output file may be truncated or incomplete.
#
#  Out of Memory Error (allocation.cpp:390), pid=10172, tid=12976
#
# JRE version: Java(TM) SE Runtime Environment (8.0_45-b15) (build 1.8.0_45-b15)
# Java VM: Java HotSpot(TM) 64-Bit Server VM (25.45-b02 mixed mode windows-amd64 compressed oops)
# Failed to write core dump. Minidumps are not enabled by default on client versions of Windows
#

---------------  T H R E A D  ---------------

Current thread (0x00000000150a1000):  JavaThread "C2 CompilerThread1" daemon [_thread_in_native, id=12976, stack(0x00000000166f0000,0x00000000167f0000)]

Stack: [0x00000000166f0000,0x00000000167f0000]
Native frames: (J=compiled Java code, j=interpreted, Vv=VM code, C=native code)
V  [jvm.dll+0x32b57a]
V  [jvm.dll+0x279873]
V  [jvm.dll+0x27a509]
V  [jvm.dll+0x271825]
V  [jvm.dll+0xcb9e2]
V  [jvm.dll+0xcbeac]
V  [jvm.dll+0x476ef2]
V  [jvm.dll+0x4b955f]
V  [jvm.dll+0x46baa8]
V  [jvm.dll+0x46ccbe]
V  [jvm.dll+0x4500f2]
V  [jvm.dll+0xa4352]
V  [jvm.dll+0xa4c8f]
V  [jvm.dll+0x241984]
V  [jvm.dll+0x29853a]
C  [msvcr100.dll+0x21d9f]
C  [msvcr100.dll+0x21e3b]
C  [KERNEL32.DLL+0x8364]
C  [ntdll.dll+0x670d1]


Current CompileTask:
C2:  15742  143       4       java.util.regex.Pattern::split (290 bytes)


---------------  P R O C E S S  ---------------

Java Threads: ( => current thread )
  0x0000000016925800 JavaThread "Service Thread" daemon [_thread_blocked, id=13168, stack(0x0000000016cf0000,0x0000000016df0000)]
  0x00000000150ae800 JavaThread "C1 CompilerThread2" daemon [_thread_blocked, id=11596, stack(0x00000000167f0000,0x00000000168f0000)]
=>0x00000000150a1000 JavaThread "C2 CompilerThread1" daemon [_thread_in_native, id=12976, stack(0x00000000166f0000,0x00000000167f0000)]
  0x000000001509f000 JavaThread "C2 CompilerThread0" daemon [_thread_blocked, id=8404, stack(0x00000000165f0000,0x00000000166f0000)]
  0x000000001509c000 JavaThread "Attach Listener" daemon [_thread_blocked, id=16224, stack(0x00000000164f0000,0x00000000165f0000)]
  0x000000001509a800 JavaThread "Signal Dispatcher" daemon [_thread_blocked, id=7136, stack(0x00000000163f0000,0x00000000164f0000)]
  0x0000000002ad7000 JavaThread "Finalizer" daemon [_thread_blocked, id=3448, stack(0x00000000162f0000,0x00000000163f0000)]
  0x0000000002ace800 JavaThread "Reference Handler" daemon [_thread_blocked, id=7780, stack(0x00000000161f0000,0x00000000162f0000)]
  0x00000000029e0800 JavaThread "main" [_thread_in_native, id=10564, stack(0x00000000028e0000,0x00000000029e0000)]

Other Threads:
  0x0000000015067000 VMThread [stack: 0x00000000160f0000,0x00000000161f0000] [id=4756]
  0x0000000016926800 WatcherThread [stack: 0x0000000016df0000,0x0000000016ef0000] [id=8728]

VM state:not at safepoint (normal execution)

VM Mutex/Monitor currently owned by a thread: None

Heap:
 PSYoungGen      total 18944K, used 8256K [0x00000000eb500000, 0x00000000eca00000, 0x0000000100000000)
  eden space 16384K, 49% used [0x00000000eb500000,0x00000000ebcf2840,0x00000000ec500000)
  from space 2560K, 4% used [0x00000000ec500000,0x00000000ec51d8f8,0x00000000ec780000)
  to   space 2560K, 0% used [0x00000000ec780000,0x00000000ec780000,0x00000000eca00000)
 ParOldGen       total 44032K, used 43982K [0x00000000c1e00000, 0x00000000c4900000, 0x00000000eb500000)
  object space 44032K, 99% used [0x00000000c1e00000,0x00000000c48f3b20,0x00000000c4900000)
 Metaspace       used 2957K, capacity 4550K, committed 4864K, reserved 1056768K
  class space    used 317K, capacity 386K, committed 512K, reserved 1048576K

Card table byte_map: [0x0000000011ea0000,0x00000000120a0000] byte_map_base: 0x0000000011891000

Marking Bits: (ParMarkBitMap*) 0x0000000063574040
 Begin Bits: [0x00000000125f0000, 0x0000000013578000)
 End Bits:   [0x0000000013578000, 0x0000000014500000)

Polling page: 0x0000000001180000

CodeCache: size=245760Kb used=1547Kb max_used=1560Kb free=244212Kb
 bounds [0x0000000002ae0000, 0x0000000002d50000, 0x0000000011ae0000]
 total_blobs=409 nmethods=162 adapters=160
 compilation: enabled

Compilation events (10 events):
Event: 11.116 Thread 0x00000000150ae800 nmethod 154 0x0000000002c41710 code [0x0000000002c41860, 0x0000000002c41a30]
Event: 11.116 Thread 0x00000000150ae800  155       3       java.lang.AbstractStringBuilder::expandCapacity (50 bytes)
Event: 11.116 Thread 0x00000000150ae800 nmethod 155 0x0000000002c54990 code [0x0000000002c54b20, 0x0000000002c55078]
Event: 11.116 Thread 0x00000000150ae800  156  s    3       java.lang.StringBuffer::toString (36 bytes)
Event: 11.116 Thread 0x00000000150ae800 nmethod 156 0x0000000002c58950 code [0x0000000002c58ae0, 0x0000000002c58f88]
Event: 11.122 Thread 0x000000001509f000 nmethod 145 0x0000000002c5e2d0 code [0x0000000002c5e440, 0x0000000002c5ea98]
Event: 11.122 Thread 0x000000001509f000  150   !   4       java.io.BufferedReader::readLine (304 bytes)
Event: 11.146 Thread 0x00000000150ae800  157       3       java.lang.String::valueOf (14 bytes)
Event: 11.146 Thread 0x00000000150ae800 nmethod 157 0x0000000002c584d0 code [0x0000000002c58640, 0x0000000002c58888]
Event: 11.146 Thread 0x00000000150ae800  158       3       java.lang.StringBuffer::<init> (18 bytes)

GC Heap History (4 events):
Event: 11.040 GC heap before
{Heap before GC invocations=1 (full 0):
 PSYoungGen      total 18944K, used 13529K [0x00000000eb500000, 0x00000000eca00000, 0x0000000100000000)
  eden space 16384K, 82% used [0x00000000eb500000,0x00000000ec2366a8,0x00000000ec500000)
  from space 2560K, 0% used [0x00000000ec780000,0x00000000ec780000,0x00000000eca00000)
  to   space 2560K, 0% used [0x00000000ec500000,0x00000000ec500000,0x00000000ec780000)
 ParOldGen       total 44032K, used 39062K [0x00000000c1e00000, 0x00000000c4900000, 0x00000000eb500000)
  object space 44032K, 88% used [0x00000000c1e00000,0x00000000c4425a10,0x00000000c4900000)
 Metaspace       used 2919K, capacity 4550K, committed 4864K, reserved 1056768K
  class space    used 312K, capacity 386K, committed 512K, reserved 1048576K
Event: 11.071 GC heap after
Heap after GC invocations=1 (full 0):
 PSYoungGen      total 18944K, used 1222K [0x00000000eb500000, 0x00000000eca00000, 0x0000000100000000)
  eden space 16384K, 0% used [0x00000000eb500000,0x00000000eb500000,0x00000000ec500000)
  from space 2560K, 47% used [0x00000000ec500000,0x00000000ec631a90,0x00000000ec780000)
  to   space 2560K, 0% used [0x00000000ec780000,0x00000000ec780000,0x00000000eca00000)
 ParOldGen       total 44032K, used 42976K [0x00000000c1e00000, 0x00000000c4900000, 0x00000000eb500000)
  object space 44032K, 97% used [0x00000000c1e00000,0x00000000c47f8320,0x00000000c4900000)
 Metaspace       used 2919K, capacity 4550K, committed 4864K, reserved 1056768K
  class space    used 312K, capacity 386K, committed 512K, reserved 1048576K
}
Event: 11.071 GC heap before
{Heap before GC invocations=2 (full 1):
 PSYoungGen      total 18944K, used 1222K [0x00000000eb500000, 0x00000000eca00000, 0x0000000100000000)
  eden space 16384K, 0% used [0x00000000eb500000,0x00000000eb500000,0x00000000ec500000)
  from space 2560K, 47% used [0x00000000ec500000,0x00000000ec631a90,0x00000000ec780000)
  to   space 2560K, 0% used [0x00000000ec780000,0x00000000ec780000,0x00000000eca00000)
 ParOldGen       total 44032K, used 42976K [0x00000000c1e00000, 0x00000000c4900000, 0x00000000eb500000)
  object space 44032K, 97% used [0x00000000c1e00000,0x00000000c47f8320,0x00000000c4900000)
 Metaspace       used 2919K, capacity 4550K, committed 4864K, reserved 1056768K
  class space    used 312K, capacity 386K, committed 512K, reserved 1048576K
Event: 11.111 GC heap after
Heap after GC invocations=2 (full 1):
 PSYoungGen      total 18944K, used 119K [0x00000000eb500000, 0x00000000eca00000, 0x0000000100000000)
  eden space 16384K, 0% used [0x00000000eb500000,0x00000000eb500000,0x00000000ec500000)
  from space 2560K, 4% used [0x00000000ec500000,0x00000000ec51dfc0,0x00000000ec780000)
  to   space 2560K, 0% used [0x00000000ec780000,0x00000000ec780000,0x00000000eca00000)
 ParOldGen       total 44032K, used 43981K [0x00000000c1e00000, 0x00000000c4900000, 0x00000000eb500000)
  object space 44032K, 99% used [0x00000000c1e00000,0x00000000c48f35f8,0x00000000c4900000)
 Metaspace       used 2919K, capacity 4550K, committed 4864K, reserved 1056768K
  class space    used 312K, capacity 386K, committed 512K, reserved 1048576K
}

Deoptimization events (4 events):
Event: 10.999 Thread 0x00000000029e0800 Uncommon trap: reason=unstable_if action=reinterpret pc=0x0000000002c19d84 method=java.util.regex.Pattern$Start.match(Ljava/util/regex/Matcher;ILjava/lang/CharSequence;)Z @ 10
Event: 10.999 Thread 0x00000000029e0800 Uncommon trap: reason=unstable_if action=reinterpret pc=0x0000000002c31398 method=java.util.regex.Pattern$Start.match(Ljava/util/regex/Matcher;ILjava/lang/CharSequence;)Z @ 10
Event: 11.016 Thread 0x00000000029e0800 Uncommon trap: reason=unstable_if action=reinterpret pc=0x0000000002c43dd0 method=java.util.regex.Pattern$Start.match(Ljava/util/regex/Matcher;ILjava/lang/CharSequence;)Z @ 10
Event: 11.027 Thread 0x00000000029e0800 Uncommon trap: reason=predicate action=maybe_recompile pc=0x0000000002c56d24 method=java.util.AbstractCollection.toArray([Ljava/lang/Object;)[Ljava/lang/Object; @ 49

Internal exceptions (2 events):
Event: 0.036 Thread 0x00000000029e0800 Exception <a 'java/lang/NoSuchMethodError': Method sun.misc.Unsafe.defineClass(Ljava/lang/String;[BII)Ljava/lang/Class; name or signature does not match> (0x00000000eb50d7e0) thrown at [C:\re\workspace\8-2-build-windows-amd64-cygwin\jdk8u45\3627\hotspot\sr›€úz¢?
Event: 0.036 Thread 0x00000000029e0800 Exception <a 'java/lang/NoSuchMethodError': Method sun.misc.Unsafe.prefetchRead(Ljava/lang/Object;J)V name or signature does not match> (0x00000000eb50da70) thrown at [C:\re\workspace\8-2-build-windows-amd64-cygwin\jdk8u45\3627\hotspot\src\share\vm\prims\j

Events (10 events):
Event: 11.040 Thread 0x00000000029e0800 DEOPT UNPACKING pc=0x0000000002b2787f sp=0x00000000029deb58 mode 0
Event: 11.040 Executing VM operation: ParallelGCFailedAllocation
Event: 11.111 Executing VM operation: ParallelGCFailedAllocation done
Event: 11.113 Executing VM operation: RevokeBias
Event: 11.114 Executing VM operation: RevokeBias done
Event: 11.114 Executing VM operation: RevokeBias
Event: 11.114 Executing VM operation: RevokeBias done
Event: 11.114 Executing VM operation: RevokeBias
Event: 11.114 Executing VM operation: RevokeBias done
Event: 11.147 Executing VM operation: RevokeBias


Dynamic libraries:
0x00007ff7b9d30000 - 0x00007ff7b9d67000 	C:\Program Files\Java\jre1.8.0_45\bin\javaw.exe
0x00007ffc4e1b0000 - 0x00007ffc4e381000 	C:\WINDOWS\SYSTEM32\ntdll.dll
0x00007ffc4c470000 - 0x00007ffc4c51b000 	C:\WINDOWS\System32\KERNEL32.DLL
0x00007ffc4a9e0000 - 0x00007ffc4abfd000 	C:\WINDOWS\System32\KERNELBASE.dll
0x00007ffc4cb90000 - 0x00007ffc4cc32000 	C:\WINDOWS\System32\ADVAPI32.dll
0x00007ffc4c520000 - 0x00007ffc4c5be000 	C:\WINDOWS\System32\msvcrt.dll
0x00007ffc4bbf0000 - 0x00007ffc4bc49000 	C:\WINDOWS\System32\sechost.dll
0x00007ffc4ba80000 - 0x00007ffc4bba1000 	C:\WINDOWS\System32\RPCRT4.dll
0x00007ffc4bc50000 - 0x00007ffc4bdb5000 	C:\WINDOWS\System32\USER32.dll
0x00007ffc4b490000 - 0x00007ffc4b4ae000 	C:\WINDOWS\System32\win32u.dll
0x00007ffc4bbb0000 - 0x00007ffc4bbe4000 	C:\WINDOWS\System32\GDI32.dll
0x00007ffc4a7f0000 - 0x00007ffc4a972000 	C:\WINDOWS\System32\gdi32full.dll
0x00007ffc3e9c0000 - 0x00007ffc3ec3a000 	C:\WINDOWS\WinSxS\amd64_microsoft.windows.common-controls_6595b64144ccf1df_6.0.14393.953_none_42151e83c686086b\COMCTL32.dll
0x00007ffc4bff0000 - 0x00007ffc4c2b8000 	C:\WINDOWS\System32\combase.dll
0x00007ffc4b390000 - 0x00007ffc4b485000 	C:\WINDOWS\System32\ucrtbase.dll
0x00007ffc4b500000 - 0x00007ffc4b56a000 	C:\WINDOWS\System32\bcryptPrimitives.dll
0x00007ffc4bdc0000 - 0x00007ffc4bdee000 	C:\WINDOWS\System32\IMM32.DLL
0x00000000650b0000 - 0x0000000065182000 	C:\Program Files\Java\jre1.8.0_45\bin\msvcr100.dll
0x0000000062d70000 - 0x00000000635f3000 	C:\Program Files\Java\jre1.8.0_45\bin\server\jvm.dll
0x00007ffc4c460000 - 0x00007ffc4c468000 	C:\WINDOWS\System32\PSAPI.DLL
0x00007ffc41d20000 - 0x00007ffc41d2a000 	C:\WINDOWS\SYSTEM32\VERSION.dll
0x00007ffc488a0000 - 0x00007ffc488c3000 	C:\WINDOWS\SYSTEM32\WINMM.dll
0x00007ffc3bd20000 - 0x00007ffc3bd29000 	C:\WINDOWS\SYSTEM32\WSOCK32.dll
0x00007ffc4c5c0000 - 0x00007ffc4c62a000 	C:\WINDOWS\System32\WS2_32.dll
0x00007ffc48870000 - 0x00007ffc4889b000 	C:\WINDOWS\SYSTEM32\WINMMBASE.dll
0x00007ffc4b4b0000 - 0x00007ffc4b4f2000 	C:\WINDOWS\System32\cfgmgr32.dll
0x00000000650a0000 - 0x00000000650af000 	C:\Program Files\Java\jre1.8.0_45\bin\verify.dll
0x0000000065070000 - 0x0000000065099000 	C:\Program Files\Java\jre1.8.0_45\bin\java.dll
0x0000000065050000 - 0x0000000065066000 	C:\Program Files\Java\jre1.8.0_45\bin\zip.dll
0x00007ffc4cca0000 - 0x00007ffc4e1a9000 	C:\WINDOWS\System32\SHELL32.dll
0x00007ffc4ac00000 - 0x00007ffc4b2da000 	C:\WINDOWS\System32\windows.storage.dll
0x00007ffc4a620000 - 0x00007ffc4a66c000 	C:\WINDOWS\System32\powrprof.dll
0x00007ffc4cc40000 - 0x00007ffc4cc92000 	C:\WINDOWS\System32\shlwapi.dll
0x00007ffc4a610000 - 0x00007ffc4a61f000 	C:\WINDOWS\System32\kernel.appcore.dll
0x00007ffc4a740000 - 0x00007ffc4a7e9000 	C:\WINDOWS\System32\shcore.dll
0x00007ffc4a670000 - 0x00007ffc4a684000 	C:\WINDOWS\System32\profapi.dll
0x00007ffc41ad0000 - 0x00007ffc41c62000 	C:\WINDOWS\SYSTEM32\dbghelp.dll

VM Arguments:
jvm_args: -Dfile.encoding=Cp1252 
java_command: Vorstellung2
java_class_path (initial): C:\Users\Max\workspace\Klaus_Berbel_Alpha\bin
Launcher Type: SUN_STANDARD

Environment Variables:
PATH=C:/Program Files/Java/jre1.8.0_111/bin/server;C:/Program Files/Java/jre1.8.0_111/bin;C:/Program Files/Java/jre1.8.0_111/lib/amd64;C:\ProgramData\Oracle\Java\javapath;C:\Program Files (x86)\Intel\iCLS Client\;C:\Program Files\Intel\iCLS Client\;C:\WINDOWS\system32;C:\WINDOWS;C:\WINDOWS\System32\Wbem;C:\WINDOWS\System32\WindowsPowerShell\v1.0\;C:\Program Files (x86)\Intel\OpenCL SDK\2.0\bin\x86;C:\Program Files (x86)\Intel\OpenCL SDK\2.0\bin\x64;C:\Program Files\Intel\Intel(R) Management Engine Components\DAL;C:\Program Files\Intel\Intel(R) Management Engine Components\IPT;C:\Program Files (x86)\Intel\Intel(R) Management Engine Components\DAL;C:\Program Files (x86)\Intel\Intel(R) Management Engine Components\IPT;C:\Program Files\Sony\VAIO Improvement\;C:\Program Files (x86)\Sony\VAIO Startup Setting Tool;c:\Program Files (x86)\Microsoft SQL Server\100\Tools\Binn\;c:\Program Files (x86)\Microsoft SQL Server\100\DTS\Binn\;C:\Program Files\MiKTeX 2.9\miktex\bin\x64\;C:\Program Files (x86)\Skype\Phone\;C:\WINDOWS\system32;C:\WINDOWS;C:\WINDOWS\System32\Wbem;C:\WINDOWS\System32\WindowsPowerShell\v1.0\;C:\Program Files (x86)\GtkSharp\2.12\bin;C:\Users\Max\AppData\Local\Programs\Python\Python36-32\Scripts\;C:\Users\Max\AppData\Local\Programs\Python\Python36-32\;C:\Users\Max\AppData\Local\Microsoft\WindowsApps;;C:\Users\Max\Desktop;
USERNAME=Max
OS=Windows_NT
PROCESSOR_IDENTIFIER=Intel64 Family 6 Model 58 Stepping 9, GenuineIntel



---------------  S Y S T E M  ---------------

OS: Windows 10.0 , 64 bit Build 14393 (10.0.14393.0)

CPU:total 4 (2 cores per cpu, 2 threads per core) family 6 model 58 stepping 9, cmov, cx8, fxsr, mmx, sse, sse2, sse3, ssse3, sse4.1, sse4.2, popcnt, avx, aes, clmul, erms, ht, tsc, tscinvbit, tscinv

Memory: 4k page, physical 4070680k(860656k free), swap 16653592k(49788k free)

vm_info: Java HotSpot(TM) 64-Bit Server VM (25.45-b02) for windows-amd64 JRE (1.8.0_45-b15), built on Apr 30 2015 12:40:44 by "java_re" with MS VC++ 10.0 (VS2010)

time: Thu Apr 06 06:21:05 2017
elapsed time: 15 seconds (0d 0h 0m 15s)

